<?xml version="1.0" encoding="UTF-8"?>
<!-- Generated by org.testng.reporters.JUnitReportReporter -->
<testsuite hostname="WDX2DJ0VG3" failures="0" tests="1" name="com.cogni.genc.testcases2.Validate_LoginPageTest" time="9.996" errors="0" timestamp="2023-12-31T16:11:31 IST" skipped="0">
  <testcase classname="com.cogni.genc.testcases2.Validate_LoginPageTest" name="testLogin" time="9.996"/>
</testsuite> <!-- com.cogni.genc.testcases2.Validate_LoginPageTest -->
